<?xml version="1.0" encoding="UTF-8"?>
<!-- Generated by org.testng.reporters.JUnitXMLReporter -->
<testsuite hostname="DESKTOP-NMGB7R5" ignored="0" name="BlazeDemo_DataDrivenApproach" tests="10" failures="1" timestamp="2022-02-05T13:47:16 GST" time="44.343" errors="0">
  <testcase name="do_HomePageURLVerificationTest" time="0.081" classname="com.blaze.testcases.SignUpPageTestCases"/>
  <testcase name="do_HomePageTitleVerificationTest" time="0.025" classname="com.blaze.testcases.SignUpPageTestCases"/>
  <testcase name="do_SignUpLinkVerificationTest" time="0.477" classname="com.blaze.testcases.SignUpPageTestCases"/>
  <testcase name="do_SignUpTest" time="2.601" classname="com.blaze.testcases.SignUpPageTestCases"/>
  <testcase name="do_existingUserSignUpTest" time="1.315" classname="com.blaze.testcases.SignUpPageTestCases"/>
  <testcase name="do_SignUpWithInvalidCredentialsTest" time="0.695" classname="com.blaze.testcases.SignUpPageTestCases"/>
  <testcase name="do_SignUpWithUserName_WithBlankPasswordTest" time="0.734" classname="com.blaze.testcases.SignUpPageTestCases"/>
  <testcase name="do_SignUpWithBlankUserName_WitValidPasswordTest" time="1.08" classname="com.blaze.testcases.SignUpPageTestCases"/>
  <testcase name="do_AddProductToCartTest" time="25.634" classname="com.blaze.testcases.ProductPageTestCases">
    <failure type="org.openqa.selenium.TimeoutException" message="Expected condition failed: waiting for alert to be present (tried for 20 second(s) with 500 milliseconds interval)
Build info: version: &amp;apos;3.141.59&amp;apos;, revision: &amp;apos;e82be7d358&amp;apos;, time: &amp;apos;2018-11-14T08:17:03&amp;apos;
System info: host: &amp;apos;DESKTOP-NMGB7R5&amp;apos;, ip: &amp;apos;192.168.1.109&amp;apos;, os.name: &amp;apos;Windows 10&amp;apos;, os.arch: &amp;apos;amd64&amp;apos;, os.version: &amp;apos;10.0&amp;apos;, java.version: &amp;apos;1.8.0_211&amp;apos;
Driver info: org.openqa.selenium.chrome.ChromeDriver
Capabilities {acceptInsecureCerts: true, browserName: chrome, browserVersion: 97.0.4692.99, chrome: {chromedriverVersion: 97.0.4692.71 (adefa7837d02a..., userDataDir: C:\Users\h\AppData\Local\Te...}, goog:chromeOptions: {debuggerAddress: localhost:54444}, javascriptEnabled: true, networkConnectionEnabled: false, pageLoadStrategy: normal, platform: WINDOWS, platformName: WINDOWS, proxy: Proxy(), setWindowRect: true, strictFileInteractability: false, timeouts: {implicit: 0, pageLoad: 300000, script: 30000}, unhandledPromptBehavior: dismiss and notify, webauthn:extension:credBlob: true, webauthn:extension:largeBlob: true, webauthn:virtualAuthenticators: true}
Session ID: c2f5b23647ca0aef44c972c7bfc0170e">
      <![CDATA[org.openqa.selenium.TimeoutException: Expected condition failed: waiting for alert to be present (tried for 20 second(s) with 500 milliseconds interval)
Build info: version: '3.141.59', revision: 'e82be7d358', time: '2018-11-14T08:17:03'
System info: host: 'DESKTOP-NMGB7R5', ip: '192.168.1.109', os.name: 'Windows 10', os.arch: 'amd64', os.version: '10.0', java.version: '1.8.0_211'
Driver info: org.openqa.selenium.chrome.ChromeDriver
Capabilities {acceptInsecureCerts: true, browserName: chrome, browserVersion: 97.0.4692.99, chrome: {chromedriverVersion: 97.0.4692.71 (adefa7837d02a..., userDataDir: C:\Users\h\AppData\Local\Te...}, goog:chromeOptions: {debuggerAddress: localhost:54444}, javascriptEnabled: true, networkConnectionEnabled: false, pageLoadStrategy: normal, platform: WINDOWS, platformName: WINDOWS, proxy: Proxy(), setWindowRect: true, strictFileInteractability: false, timeouts: {implicit: 0, pageLoad: 300000, script: 30000}, unhandledPromptBehavior: dismiss and notify, webauthn:extension:credBlob: true, webauthn:extension:largeBlob: true, webauthn:virtualAuthenticators: true}
Session ID: c2f5b23647ca0aef44c972c7bfc0170e
at org.openqa.selenium.support.ui.WebDriverWait.timeoutException(WebDriverWait.java:95)
at org.openqa.selenium.support.ui.FluentWait.until(FluentWait.java:272)
at com.blaze.base.TestBase.onAlertClick(TestBase.java:141)
at com.blaze.actions.ProductPageActions.do_AddProductToCart(ProductPageActions.java:36)
at com.blaze.testcases.ProductPageTestCases.do_AddProductToCartTest(ProductPageTestCases.java:30)
at java.util.ArrayList.forEach(ArrayList.java:1257)
... Removed 27 stack frames]]>
    </failure>
  </testcase> <!-- do_AddProductToCartTest -->
  <testcase name="do_PlaceOrderTest" time="1.172" classname="com.blaze.testcases.CartPageTestCases"/>
</testsuite> <!-- BlazeDemo_DataDrivenApproach -->
